Not simplicial2: 0 1
Not simplicial2: 0 1
Not simplicial2: 0 1
Not simplicial2: 0 1
Not simplicial2: 0 4
Not simplicial2: 4 5
Not simplicial2: 0 1
Not simplicial2: 0 1
Incidence:
0101111
1010111
0011101
0011011
1111100
1101010
1100110
1011010

Not simplicial2: 4 5
Incidence:
1011111
0110101
1110001
1101001
0101011
0100111
0111010
0110110
1111000

Incidence:
1101111
0010111
1010101
0110110
1110100
0111010
1111000
0011011
1011001

Incidence:
0101111
0111001
0011011
0110011
1011110
0110110
1111000
1110100
1101100

Incidence:
1110101
0010111
0110011
0100111
1011110
0111010
0101110
1111000
1101100

Not simplicial2: 1 2
Not simplicial2: 0 1
Incidence:
0111001
0110101
0101101
0011011
0010111
0001111
1011110
1111000
1110100
1101100

Incidence:
1011101
0011011
1011010
1001011
0110110
1110100
1110010
1100110
0010111
1000111

Not simplicial2: 6 7
Not simplicial2: 0 1
Incidence:
1111010
0011011
0010111
1011001
1010101
1010110
0101111
1101100
1100110
1001101

Incidence:
1101101
1110001
1010101
0010111
0001111
0110011
0101011
1011110
0111010
1111000

Incidence:
0110101
1110001
1101001
1011001
0011011
0010111
0101011
0100111
0111010
0110110
1111000

Incidence:
1111010
0011101
0011011
1011100
1001101
1001011
0110110
1110100
1100110
0010111
1000111

Incidence:
1011011
0111001
0110101
1111000
1110100
0010111
1010110
0001111
1001110
0101101
1101100

Not simplicial2: 0 1
Incidence:
0011101
0010111
1011100
1001101
1010110
1000111
0111010
1111000
1110010
1101010
0011011
1001011

Incidence:
0010111
1010101
1000111
0110110
1110100
1100110
0111010
1111000
1101010
0011011
1011001
1001011

Incidence:
0011011
1011001
1010110
1010011
0110110
0111010
1110100
1111000
0101111
1101100
1001101
1000111

Incidence:
0001111
1001101
1001011
0101110
1101100
1101010
0110101
0110011
0100111
1110100
1110010
1010101
1010011

Incidence:
0001111
1001101
1010101
1001011
1010011
0100111
0110011
0110101
0101110
0111010
1101100
1110100
1111000
1011010

